<?xml version='1.0' encoding='UTF-8'?>
<testsuite hostname="jacks-MacBook-Pro.local" name="Actors.Replicators.ReplicationOverSeerTest" tests="5" errors="0" failures="4" time="-0.005">
                <properties>
[...]
</properties>
                <testcase classname="Actors.Replicators.ReplicationOverSeerTest" name="(It is not a test)" time="-0.001"> 
                    </testcase><testcase classname="Actors.Replicators.ReplicationOverSeerTest" name="(It is not a test)" time="-0.001"> <failure message="the value is not equal to 'true'" type="sbt.ForkMain$ForkError">sbt.ForkMain$ForkError: the value is not equal to 'true'
	at Actors.Replicators.ReplicationOverSeerTest$$anonfun$13$$anonfun$apply$7$$anon$2.delayedEndpoint$Actors$Replicators$ReplicationOverSeerTest$$anonfun$13$$anonfun$apply$7$$anon$2$1(ReplicationOverSeerTest.scala:120)
	at Actors.Replicators.ReplicationOverSeerTest$$anonfun$13$$anonfun$apply$7$$anon$2$delayedInit$body.apply(ReplicationOverSeerTest.scala:117)
	at play.api.test.WithApplication$$anonfun$around$1.apply(Specs.scala:23)
	at play.api.test.WithApplication$$anonfun$around$1.apply(Specs.scala:23)
	at play.api.test.PlayRunners$class.running(Helpers.scala:49)
	at play.api.test.Helpers$.running(Helpers.scala:403)
	at play.api.test.WithApplication.around(Specs.scala:23)
	at play.api.test.WithApplication.delayedInit(Specs.scala:20)
	at Actors.Replicators.ReplicationOverSeerTest$$anonfun$13$$anonfun$apply$7$$anon$2.&lt;init&gt;(ReplicationOverSeerTest.scala:117)
	at Actors.Replicators.ReplicationOverSeerTest$$anonfun$13$$anonfun$apply$7.apply(ReplicationOverSeerTest.scala:117)
	at Actors.Replicators.ReplicationOverSeerTest$$anonfun$13$$anonfun$apply$7.apply(ReplicationOverSeerTest.scala:117)
</failure>
                    </testcase><testcase classname="Actors.Replicators.ReplicationOverSeerTest" name="(It is not a test)" time="-0.001"> <failure message="the value is not equal to 'true'" type="sbt.ForkMain$ForkError">sbt.ForkMain$ForkError: the value is not equal to 'true'
	at Actors.Replicators.ReplicationOverSeerTest$$anonfun$15$$anonfun$apply$8$$anon$3.delayedEndpoint$Actors$Replicators$ReplicationOverSeerTest$$anonfun$15$$anonfun$apply$8$$anon$3$1(ReplicationOverSeerTest.scala:129)
	at Actors.Replicators.ReplicationOverSeerTest$$anonfun$15$$anonfun$apply$8$$anon$3$delayedInit$body.apply(ReplicationOverSeerTest.scala:126)
	at play.api.test.WithApplication$$anonfun$around$1.apply(Specs.scala:23)
	at play.api.test.WithApplication$$anonfun$around$1.apply(Specs.scala:23)
	at play.api.test.PlayRunners$class.running(Helpers.scala:49)
	at play.api.test.Helpers$.running(Helpers.scala:403)
	at play.api.test.WithApplication.around(Specs.scala:23)
	at play.api.test.WithApplication.delayedInit(Specs.scala:20)
	at Actors.Replicators.ReplicationOverSeerTest$$anonfun$15$$anonfun$apply$8$$anon$3.&lt;init&gt;(ReplicationOverSeerTest.scala:126)
	at Actors.Replicators.ReplicationOverSeerTest$$anonfun$15$$anonfun$apply$8.apply(ReplicationOverSeerTest.scala:126)
	at Actors.Replicators.ReplicationOverSeerTest$$anonfun$15$$anonfun$apply$8.apply(ReplicationOverSeerTest.scala:126)
</failure>
                    </testcase><testcase classname="Actors.Replicators.ReplicationOverSeerTest" name="(It is not a test)" time="-0.001"> <failure message="the value is not equal to 'true'" type="sbt.ForkMain$ForkError">sbt.ForkMain$ForkError: the value is not equal to 'true'
	at Actors.Replicators.ReplicationOverSeerTest$$anonfun$17$$anonfun$apply$9$$anon$4.delayedEndpoint$Actors$Replicators$ReplicationOverSeerTest$$anonfun$17$$anonfun$apply$9$$anon$4$1(ReplicationOverSeerTest.scala:139)
	at Actors.Replicators.ReplicationOverSeerTest$$anonfun$17$$anonfun$apply$9$$anon$4$delayedInit$body.apply(ReplicationOverSeerTest.scala:136)
	at play.api.test.WithApplication$$anonfun$around$1.apply(Specs.scala:23)
	at play.api.test.WithApplication$$anonfun$around$1.apply(Specs.scala:23)
	at play.api.test.PlayRunners$class.running(Helpers.scala:49)
	at play.api.test.Helpers$.running(Helpers.scala:403)
	at play.api.test.WithApplication.around(Specs.scala:23)
	at play.api.test.WithApplication.delayedInit(Specs.scala:20)
	at Actors.Replicators.ReplicationOverSeerTest$$anonfun$17$$anonfun$apply$9$$anon$4.&lt;init&gt;(ReplicationOverSeerTest.scala:136)
	at Actors.Replicators.ReplicationOverSeerTest$$anonfun$17$$anonfun$apply$9.apply(ReplicationOverSeerTest.scala:136)
	at Actors.Replicators.ReplicationOverSeerTest$$anonfun$17$$anonfun$apply$9.apply(ReplicationOverSeerTest.scala:136)
</failure>
                    </testcase><testcase classname="Actors.Replicators.ReplicationOverSeerTest" name="(It is not a test)" time="-0.001"> <failure message="the value is not equal to 'true'" type="sbt.ForkMain$ForkError">sbt.ForkMain$ForkError: the value is not equal to 'true'
	at Actors.Replicators.ReplicationOverSeerTest$$anonfun$19$$anonfun$apply$10$$anon$5.delayedEndpoint$Actors$Replicators$ReplicationOverSeerTest$$anonfun$19$$anonfun$apply$10$$anon$5$1(ReplicationOverSeerTest.scala:148)
	at Actors.Replicators.ReplicationOverSeerTest$$anonfun$19$$anonfun$apply$10$$anon$5$delayedInit$body.apply(ReplicationOverSeerTest.scala:145)
	at play.api.test.WithApplication$$anonfun$around$1.apply(Specs.scala:23)
	at play.api.test.WithApplication$$anonfun$around$1.apply(Specs.scala:23)
	at play.api.test.PlayRunners$class.running(Helpers.scala:49)
	at play.api.test.Helpers$.running(Helpers.scala:403)
	at play.api.test.WithApplication.around(Specs.scala:23)
	at play.api.test.WithApplication.delayedInit(Specs.scala:20)
	at Actors.Replicators.ReplicationOverSeerTest$$anonfun$19$$anonfun$apply$10$$anon$5.&lt;init&gt;(ReplicationOverSeerTest.scala:145)
	at Actors.Replicators.ReplicationOverSeerTest$$anonfun$19$$anonfun$apply$10.apply(ReplicationOverSeerTest.scala:145)
	at Actors.Replicators.ReplicationOverSeerTest$$anonfun$19$$anonfun$apply$10.apply(ReplicationOverSeerTest.scala:145)
</failure>
                    </testcase>
                <system-out></system-out>
                <system-err></system-err>
                </testsuite>