<?xml version='1.0' encoding='UTF-8'?>
<testsuite hostname="jacks-MacBook-Pro.local" name="Actors.Replicators.ReplicationServerTest" tests="8" errors="0" failures="7" time="-0.008">
                <properties>
[...]
</properties>
                <testcase classname="Actors.Replicators.ReplicationServerTest" name="(It is not a test)" time="-0.001"> 
                    </testcase><testcase classname="Actors.Replicators.ReplicationServerTest" name="(It is not a test)" time="-0.001"> <failure message="the value is not equal to 'true'" type="sbt.ForkMain$ForkError">sbt.ForkMain$ForkError: the value is not equal to 'true'
	at Actors.Replicators.ReplicationServerTest$$anonfun$16$$anonfun$apply$10$$anon$2.delayedEndpoint$Actors$Replicators$ReplicationServerTest$$anonfun$16$$anonfun$apply$10$$anon$2$1(ReplicationServerTest.scala:113)
	at Actors.Replicators.ReplicationServerTest$$anonfun$16$$anonfun$apply$10$$anon$2$delayedInit$body.apply(ReplicationServerTest.scala:110)
	at play.api.test.WithApplication$$anonfun$around$1.apply(Specs.scala:23)
	at play.api.test.WithApplication$$anonfun$around$1.apply(Specs.scala:23)
	at play.api.test.PlayRunners$class.running(Helpers.scala:49)
	at play.api.test.Helpers$.running(Helpers.scala:403)
	at play.api.test.WithApplication.around(Specs.scala:23)
	at play.api.test.WithApplication.delayedInit(Specs.scala:20)
	at Actors.Replicators.ReplicationServerTest$$anonfun$16$$anonfun$apply$10$$anon$2.&lt;init&gt;(ReplicationServerTest.scala:110)
	at Actors.Replicators.ReplicationServerTest$$anonfun$16$$anonfun$apply$10.apply(ReplicationServerTest.scala:110)
	at Actors.Replicators.ReplicationServerTest$$anonfun$16$$anonfun$apply$10.apply(ReplicationServerTest.scala:110)
</failure>
                    </testcase><testcase classname="Actors.Replicators.ReplicationServerTest" name="(It is not a test)" time="-0.001"> <failure message="the value is not equal to 'true'" type="sbt.ForkMain$ForkError">sbt.ForkMain$ForkError: the value is not equal to 'true'
	at Actors.Replicators.ReplicationServerTest$$anonfun$18$$anonfun$apply$11$$anon$3.delayedEndpoint$Actors$Replicators$ReplicationServerTest$$anonfun$18$$anonfun$apply$11$$anon$3$1(ReplicationServerTest.scala:122)
	at Actors.Replicators.ReplicationServerTest$$anonfun$18$$anonfun$apply$11$$anon$3$delayedInit$body.apply(ReplicationServerTest.scala:119)
	at play.api.test.WithApplication$$anonfun$around$1.apply(Specs.scala:23)
	at play.api.test.WithApplication$$anonfun$around$1.apply(Specs.scala:23)
	at play.api.test.PlayRunners$class.running(Helpers.scala:49)
	at play.api.test.Helpers$.running(Helpers.scala:403)
	at play.api.test.WithApplication.around(Specs.scala:23)
	at play.api.test.WithApplication.delayedInit(Specs.scala:20)
	at Actors.Replicators.ReplicationServerTest$$anonfun$18$$anonfun$apply$11$$anon$3.&lt;init&gt;(ReplicationServerTest.scala:119)
	at Actors.Replicators.ReplicationServerTest$$anonfun$18$$anonfun$apply$11.apply(ReplicationServerTest.scala:119)
	at Actors.Replicators.ReplicationServerTest$$anonfun$18$$anonfun$apply$11.apply(ReplicationServerTest.scala:119)
</failure>
                    </testcase><testcase classname="Actors.Replicators.ReplicationServerTest" name="(It is not a test)" time="-0.001"> <failure message="the value is not equal to 'true'" type="sbt.ForkMain$ForkError">sbt.ForkMain$ForkError: the value is not equal to 'true'
	at Actors.Replicators.ReplicationServerTest$$anonfun$20$$anonfun$apply$12$$anon$4.delayedEndpoint$Actors$Replicators$ReplicationServerTest$$anonfun$20$$anonfun$apply$12$$anon$4$1(ReplicationServerTest.scala:132)
	at Actors.Replicators.ReplicationServerTest$$anonfun$20$$anonfun$apply$12$$anon$4$delayedInit$body.apply(ReplicationServerTest.scala:129)
	at play.api.test.WithApplication$$anonfun$around$1.apply(Specs.scala:23)
	at play.api.test.WithApplication$$anonfun$around$1.apply(Specs.scala:23)
	at play.api.test.PlayRunners$class.running(Helpers.scala:49)
	at play.api.test.Helpers$.running(Helpers.scala:403)
	at play.api.test.WithApplication.around(Specs.scala:23)
	at play.api.test.WithApplication.delayedInit(Specs.scala:20)
	at Actors.Replicators.ReplicationServerTest$$anonfun$20$$anonfun$apply$12$$anon$4.&lt;init&gt;(ReplicationServerTest.scala:129)
	at Actors.Replicators.ReplicationServerTest$$anonfun$20$$anonfun$apply$12.apply(ReplicationServerTest.scala:129)
	at Actors.Replicators.ReplicationServerTest$$anonfun$20$$anonfun$apply$12.apply(ReplicationServerTest.scala:129)
</failure>
                    </testcase><testcase classname="Actors.Replicators.ReplicationServerTest" name="(It is not a test)" time="-0.001"> <failure message="the value is not equal to 'true'" type="sbt.ForkMain$ForkError">sbt.ForkMain$ForkError: the value is not equal to 'true'
	at Actors.Replicators.ReplicationServerTest$$anonfun$22$$anonfun$apply$13$$anon$5.delayedEndpoint$Actors$Replicators$ReplicationServerTest$$anonfun$22$$anonfun$apply$13$$anon$5$1(ReplicationServerTest.scala:140)
	at Actors.Replicators.ReplicationServerTest$$anonfun$22$$anonfun$apply$13$$anon$5$delayedInit$body.apply(ReplicationServerTest.scala:137)
	at play.api.test.WithApplication$$anonfun$around$1.apply(Specs.scala:23)
	at play.api.test.WithApplication$$anonfun$around$1.apply(Specs.scala:23)
	at play.api.test.PlayRunners$class.running(Helpers.scala:49)
	at play.api.test.Helpers$.running(Helpers.scala:403)
	at play.api.test.WithApplication.around(Specs.scala:23)
	at play.api.test.WithApplication.delayedInit(Specs.scala:20)
	at Actors.Replicators.ReplicationServerTest$$anonfun$22$$anonfun$apply$13$$anon$5.&lt;init&gt;(ReplicationServerTest.scala:137)
	at Actors.Replicators.ReplicationServerTest$$anonfun$22$$anonfun$apply$13.apply(ReplicationServerTest.scala:137)
	at Actors.Replicators.ReplicationServerTest$$anonfun$22$$anonfun$apply$13.apply(ReplicationServerTest.scala:137)
</failure>
                    </testcase><testcase classname="Actors.Replicators.ReplicationServerTest" name="(It is not a test)" time="-0.001"> <failure message="the value is not equal to 'true'" type="sbt.ForkMain$ForkError">sbt.ForkMain$ForkError: the value is not equal to 'true'
	at Actors.Replicators.ReplicationServerTest$$anonfun$24$$anonfun$apply$14$$anon$6.delayedEndpoint$Actors$Replicators$ReplicationServerTest$$anonfun$24$$anonfun$apply$14$$anon$6$1(ReplicationServerTest.scala:149)
	at Actors.Replicators.ReplicationServerTest$$anonfun$24$$anonfun$apply$14$$anon$6$delayedInit$body.apply(ReplicationServerTest.scala:146)
	at play.api.test.WithApplication$$anonfun$around$1.apply(Specs.scala:23)
	at play.api.test.WithApplication$$anonfun$around$1.apply(Specs.scala:23)
	at play.api.test.PlayRunners$class.running(Helpers.scala:49)
	at play.api.test.Helpers$.running(Helpers.scala:403)
	at play.api.test.WithApplication.around(Specs.scala:23)
	at play.api.test.WithApplication.delayedInit(Specs.scala:20)
	at Actors.Replicators.ReplicationServerTest$$anonfun$24$$anonfun$apply$14$$anon$6.&lt;init&gt;(ReplicationServerTest.scala:146)
	at Actors.Replicators.ReplicationServerTest$$anonfun$24$$anonfun$apply$14.apply(ReplicationServerTest.scala:146)
	at Actors.Replicators.ReplicationServerTest$$anonfun$24$$anonfun$apply$14.apply(ReplicationServerTest.scala:146)
</failure>
                    </testcase><testcase classname="Actors.Replicators.ReplicationServerTest" name="(It is not a test)" time="-0.001"> <failure message="the value is not equal to 'true'" type="sbt.ForkMain$ForkError">sbt.ForkMain$ForkError: the value is not equal to 'true'
	at Actors.Replicators.ReplicationServerTest$$anonfun$26$$anonfun$apply$15$$anon$7.delayedEndpoint$Actors$Replicators$ReplicationServerTest$$anonfun$26$$anonfun$apply$15$$anon$7$1(ReplicationServerTest.scala:157)
	at Actors.Replicators.ReplicationServerTest$$anonfun$26$$anonfun$apply$15$$anon$7$delayedInit$body.apply(ReplicationServerTest.scala:154)
	at play.api.test.WithApplication$$anonfun$around$1.apply(Specs.scala:23)
	at play.api.test.WithApplication$$anonfun$around$1.apply(Specs.scala:23)
	at play.api.test.PlayRunners$class.running(Helpers.scala:49)
	at play.api.test.Helpers$.running(Helpers.scala:403)
	at play.api.test.WithApplication.around(Specs.scala:23)
	at play.api.test.WithApplication.delayedInit(Specs.scala:20)
	at Actors.Replicators.ReplicationServerTest$$anonfun$26$$anonfun$apply$15$$anon$7.&lt;init&gt;(ReplicationServerTest.scala:154)
	at Actors.Replicators.ReplicationServerTest$$anonfun$26$$anonfun$apply$15.apply(ReplicationServerTest.scala:154)
	at Actors.Replicators.ReplicationServerTest$$anonfun$26$$anonfun$apply$15.apply(ReplicationServerTest.scala:154)
</failure>
                    </testcase><testcase classname="Actors.Replicators.ReplicationServerTest" name="(It is not a test)" time="-0.001"> <failure message="the value is not equal to 'true'" type="sbt.ForkMain$ForkError">sbt.ForkMain$ForkError: the value is not equal to 'true'
	at Actors.Replicators.ReplicationServerTest$$anonfun$28$$anonfun$apply$16$$anon$8.delayedEndpoint$Actors$Replicators$ReplicationServerTest$$anonfun$28$$anonfun$apply$16$$anon$8$1(ReplicationServerTest.scala:166)
	at Actors.Replicators.ReplicationServerTest$$anonfun$28$$anonfun$apply$16$$anon$8$delayedInit$body.apply(ReplicationServerTest.scala:163)
	at play.api.test.WithApplication$$anonfun$around$1.apply(Specs.scala:23)
	at play.api.test.WithApplication$$anonfun$around$1.apply(Specs.scala:23)
	at play.api.test.PlayRunners$class.running(Helpers.scala:49)
	at play.api.test.Helpers$.running(Helpers.scala:403)
	at play.api.test.WithApplication.around(Specs.scala:23)
	at play.api.test.WithApplication.delayedInit(Specs.scala:20)
	at Actors.Replicators.ReplicationServerTest$$anonfun$28$$anonfun$apply$16$$anon$8.&lt;init&gt;(ReplicationServerTest.scala:163)
	at Actors.Replicators.ReplicationServerTest$$anonfun$28$$anonfun$apply$16.apply(ReplicationServerTest.scala:163)
	at Actors.Replicators.ReplicationServerTest$$anonfun$28$$anonfun$apply$16.apply(ReplicationServerTest.scala:163)
</failure>
                    </testcase>
                <system-out></system-out>
                <system-err></system-err>
                </testsuite>